build/app/outputs/mapping/release/mapping.txt
# compiler: R8
# compiler_version: 2.1.62
# min_api: 16
# pg_map_id: 5bd5e89
# common_typos_disable
...
io.flutter.plugin.common.EventChannel -> b.a.c.a.c:
    io.flutter.plugin.common.MethodCodec codec -> c
    io.flutter.plugin.common.BinaryMessenger messenger -> a
    java.lang.String name -> b
    io.flutter.plugin.common.MethodCodec access$000(io.flutter.plugin.common.EventChannel) -> a
    java.lang.String access$200(io.flutter.plugin.common.EventChannel) -> b
    io.flutter.plugin.common.BinaryMessenger access$400(io.flutter.plugin.common.EventChannel) -> c
    void setStreamHandler(io.flutter.plugin.common.EventChannel$StreamHandler) -> d
io.flutter.plugin.common.EventChannel$1 -> b.a.c.a.c$a:
io.flutter.plugin.common.EventChannel$EventSink -> b.a.c.a.c$b:
    void success(java.lang.Object) -> a
io.flutter.plugin.common.EventChannel$IncomingStreamRequestHandler -> b.a.c.a.c$c:
    io.flutter.plugin.common.EventChannel this$0 -> c
    java.util.concurrent.atomic.AtomicReference activeSink -> b
    io.flutter.plugin.common.EventChannel$StreamHandler handler -> a
    void onMessage(java.nio.ByteBuffer,io.flutter.plugin.common.BinaryMessenger$BinaryReply) -> a
    java.util.concurrent.atomic.AtomicReference access$300(io.flutter.plugin.common.EventChannel$IncomingStreamRequestHandler) -> b
    void onCancel(java.lang.Object,io.flutter.plugin.common.BinaryMessenger$BinaryReply) -> c
    void onListen(java.lang.Object,io.flutter.plugin.common.BinaryMessenger$BinaryReply) -> d
io.flutter.plugin.common.EventChannel$IncomingStreamRequestHandler$EventSinkImplementation -> b.a.c.a.c$c$a:
    io.flutter.plugin.common.EventChannel$IncomingStreamRequestHandler this$1 -> b
    java.util.concurrent.atomic.AtomicBoolean hasEnded -> a
    void success(java.lang.Object) -> a
io.flutter.plugin.common.EventChannel$StreamHandler -> b.a.c.a.c$d:
    void onCancel(java.lang.Object) -> a
    void onListen(java.lang.Object,io.flutter.plugin.common.EventChannel$EventSink) -> b
io.flutter.plugin.common.FlutterException -> b.a.c.a.d:
    java.lang.Object details -> b
    java.lang.String code -> a
io.flutter.plugin.common.JSONMessageCodec -> b.a.c.a.e:
    io.flutter.plugin.common.JSONMessageCodec INSTANCE -> a
    java.lang.Object decodeMessage(java.nio.ByteBuffer) -> a
    java.nio.ByteBuffer encodeMessage(java.lang.Object) -> b
io.flutter.plugin.common.JSONMethodCodec -> b.a.c.a.f:
    io.flutter.plugin.common.JSONMethodCodec INSTANCE -> a
    java.nio.ByteBuffer encodeErrorEnvelopeWithStacktrace(java.lang.String,java.lang.String,java.lang.Object,java.lang.String) -> a
    java.nio.ByteBuffer encodeMethodCall(io.flutter.plugin.common.MethodCall) -> b
    java.nio.ByteBuffer encodeErrorEnvelope(java.lang.String,java.lang.String,java.lang.Object) -> c
    java.nio.ByteBuffer encodeSuccessEnvelope(java.lang.Object) -> d
    io.flutter.plugin.common.MethodCall decodeMethodCall(java.nio.ByteBuffer) -> e
    java.lang.Object decodeEnvelope(java.nio.ByteBuffer) -> f
    java.lang.Object unwrapNull(java.lang.Object) -> g
io.flutter.plugin.common.JSONUtil -> b.a.c.a.g:
    java.lang.Object wrap(java.lang.Object) -> a
io.flutter.plugin.common.MessageCodec -> b.a.c.a.h:
    java.lang.Object decodeMessage(java.nio.ByteBuffer) -> a
    java.nio.ByteBuffer encodeMessage(java.lang.Object) -> b
io.flutter.plugin.common.MethodCall -> b.a.c.a.i:
    java.lang.Object arguments -> b
    java.lang.String method -> a
    java.lang.Object argument(java.lang.String) -> a
    java.lang.Object arguments() -> b