build/app/outputs/mapping/release/usage.txt
com.app.mesa_news_projeto.R$dimen
com.app.mesa_news_projeto.R$drawable
com.app.mesa_news_projeto.R$layout
com.app.mesa_news_projeto.R$string
com.app.mesa_news_projeto.R$styleable
com.app.mesa_news_projeto.BuildConfig
com.app.mesa_news_projeto.R$color
com.app.mesa_news_projeto.R$mipmap
com.app.mesa_news_projeto.R$id
com.app.mesa_news_projeto.R$attr
com.app.mesa_news_projeto.R$integer
com.app.mesa_news_projeto.R
com.app.mesa_news_projeto.R$style
...
kotlin.ranges.LongProgressionIterator
kotlin.io.FilesKt__FileReadWriteKt
kotlin.collections.ArraysKt___ArraysJvmKt$asList$4
androidx.annotation.RequiresPermission
io.flutter.embedding.engine.plugins.FlutterPlugin$FlutterPluginBinding:
    public io.flutter.embedding.engine.FlutterEngine getFlutterEngine()
    public io.flutter.view.TextureRegistry getTextureRegistry()
    public io.flutter.embedding.engine.plugins.FlutterPlugin$FlutterAssets getFlutterAssets()
androidx.fragment.app.Fragment:
    public void <init>()
    public void <init>(int)
    private void initLifecycle()
    public static androidx.fragment.app.Fragment instantiate(android.content.Context,java.lang.String)
    public static androidx.fragment.app.Fragment instantiate(android.content.Context,java.lang.String,android.os.Bundle)
    private androidx.fragment.app.Fragment$AnimationInfo ensureAnimationInfo()
    static void <clinit>()
    public androidx.lifecycle.Lifecycle getLifecycle()
    public androidx.lifecycle.LifecycleOwner getViewLifecycleOwner()
    public androidx.lifecycle.LiveData getViewLifecycleOwnerLiveData()
    public androidx.lifecycle.ViewModelStore getViewModelStore()
    public final androidx.savedstate.SavedStateRegistry getSavedStateRegistry()
    final void restoreViewState(android.os.Bundle)
    final boolean isInBackStack()
    public final boolean equals(java.lang.Object)
    public final int hashCode()
    public java.lang.String toString()
    public final int getId()
    public final java.lang.String getTag()
    public void setArguments(android.os.Bundle)
    public final android.os.Bundle getArguments()
    public final android.os.Bundle requireArguments()
    public final boolean isStateSaved()
    public void setInitialSavedState(androidx.fragment.app.Fragment$SavedState)
    public void setTargetFragment(androidx.fragment.app.Fragment,int)
    public final androidx.fragment.app.Fragment getTargetFragment()
kotlin.coroutines.jvm.internal.SuspendFunction
kotlin.collections.UCollectionsKt
androidx.core.widget.NestedScrollView
kotlin.ReplaceWith
kotlin.LateinitKt
kotlin.coroutines.experimental.migration.ContinuationMigration
io.flutter.embedding.android.FlutterActivityLaunchConfigs
kotlin.jvm.functions.Function8
kotlin.io.ByteStreamsKt$iterator$1
kotlin.jvm.internal.Ref$LongRef
kotlin.coroutines.jvm.internal.RunSuspend
androidx.webkit.WebViewClientCompat$SafeBrowsingThreat
androidx.collection.LongSparseArray
androidx.core.graphics.drawable.WrappedDrawableState
kotlin.KotlinNullPointerException
androidx.core.view.NestedScrollingChild2
kotlin.collections.MovingSubList
io.flutter.embedding.engine.plugins.shim.ShimRegistrar
androidx.annotation.InterpolatorRes
androidx.webkit.internal.ServiceWorkerControllerImpl
androidx.core.app.RemoteInput
androidx.core.view.ActionProvider$SubUiVisibilityListener
androidx.core.app.NotificationCompatBuilder
androidx.collection.LruCache
kotlin.collections.DoubleIterator
kotlin.reflect.KMutableProperty2
androidx.annotation.RestrictTo
androidx.customview.R$attr
androidx.lifecycle.FullLifecycleObserverAdapter:
    void <init>(androidx.lifecycle.FullLifecycleObserver,androidx.lifecycle.LifecycleEventObserver)
kotlin.jvm.Strictfp
androidx.core.content.ContentResolverCompat
androidx.lifecycle.viewmodel.R
kotlin.time.DurationKt
kotlin.text.UStringsKt
androidx.lifecycle.ReportFragment
kotlin.jvm.internal.DefaultConstructorMarker
kotlin.collections.ArraysKt___ArraysKt$asSequence$$inlined$Sequence$2
kotlin.jvm.internal.FloatSpreadBuilder
kotlin.coroutines.experimental.CoroutineContext$Key
androidx.loader.content.Loader$ForceLoadContentObserver
android.support.v4.os.IResultReceiver$Stub$Proxy
kotlin.jvm.internal.PackageReference
kotlin.TypeAliasesKt
kotlin.LazyKt__LazyJVMKt
kotlin.reflect.KProperty$Accessor
kotlin.coroutines.experimental.intrinsics.IntrinsicsKt